0 info it worked if it ends with ok
1 verbose cli [ '/usr/bin/node', '/usr/bin/npm', 'publish' ]
2 info using npm@1.4.28
3 info using node@v0.10.38
4 verbose publish [ '.' ]
5 verbose cache add [ '.', null ]
6 verbose cache add name=undefined spec="." args=[".",null]
7 verbose parsed url { protocol: null,
7 verbose parsed url   slashes: null,
7 verbose parsed url   auth: null,
7 verbose parsed url   host: null,
7 verbose parsed url   port: null,
7 verbose parsed url   hostname: null,
7 verbose parsed url   hash: null,
7 verbose parsed url   search: null,
7 verbose parsed url   query: null,
7 verbose parsed url   pathname: '.',
7 verbose parsed url   path: '.',
7 verbose parsed url   href: '.' }
8 silly lockFile 3a52ce78- .
9 verbose lock . /root/.npm/3a52ce78-.lock
10 verbose tar pack [ '/root/.npm/node-paperboy/0.0.1/package.tgz', '.' ]
11 verbose tarball /root/.npm/node-paperboy/0.0.1/package.tgz
12 verbose folder .
13 info prepublish node-paperboy@0.0.1
14 silly lockFile 1f1177db-tar tar://.
15 verbose lock tar://. /root/.npm/1f1177db-tar.lock
16 silly lockFile cf751434--node-paperboy-0-0-1-package-tgz tar:///root/.npm/node-paperboy/0.0.1/package.tgz
17 verbose lock tar:///root/.npm/node-paperboy/0.0.1/package.tgz /root/.npm/cf751434--node-paperboy-0-0-1-package-tgz.lock
18 silly lockFile 1f1177db-tar tar://.
19 silly lockFile 1f1177db-tar tar://.
20 silly lockFile cf751434--node-paperboy-0-0-1-package-tgz tar:///root/.npm/node-paperboy/0.0.1/package.tgz
21 silly lockFile cf751434--node-paperboy-0-0-1-package-tgz tar:///root/.npm/node-paperboy/0.0.1/package.tgz
22 silly lockFile 625f4065--npm-node-paperboy-0-0-1-package /root/.npm/node-paperboy/0.0.1/package
23 verbose lock /root/.npm/node-paperboy/0.0.1/package /root/.npm/625f4065--npm-node-paperboy-0-0-1-package.lock
24 silly lockFile 625f4065--npm-node-paperboy-0-0-1-package /root/.npm/node-paperboy/0.0.1/package
25 silly lockFile 625f4065--npm-node-paperboy-0-0-1-package /root/.npm/node-paperboy/0.0.1/package
26 silly lockFile 3a52ce78- .
27 silly lockFile 3a52ce78- .
28 silly publish { name: 'node-paperboy',
28 silly publish   version: '0.0.1',
28 silly publish   description: 'A plugin for Nodemailer that renders email templates using swig and permit to send file',
28 silly publish   main: 'index.js',
28 silly publish   scripts: { test: 'echo "Error: no test specified" && exit 1' },
28 silly publish   repository:
28 silly publish    { type: 'git',
28 silly publish      url: 'https://github.com/Tyller/node-paperboy.git' },
28 silly publish   keywords:
28 silly publish    [ 'nodemailer',
28 silly publish      'swig',
28 silly publish      'templates',
28 silly publish      'email',
28 silly publish      'mail',
28 silly publish      'file',
28 silly publish      'upload' ],
28 silly publish   author: { name: 'Renouveaux' },
28 silly publish   license: 'MIT',
28 silly publish   dependencies: { 'html-to-text': '^1.3.0', swig: '^1.4.2' },
28 silly publish   readme: '# node-paperboy\nA plugin for Nodemailer that renders email templates using swig and permit to send file\n',
28 silly publish   readmeFilename: 'README.md',
28 silly publish   gitHead: '656614b8cdd65e4bfef5ca82fb454352c9ce8be6',
28 silly publish   bugs: { url: 'https://github.com/Tyller/node-paperboy/issues' },
28 silly publish   homepage: 'https://github.com/Tyller/node-paperboy',
28 silly publish   _id: 'node-paperboy@0.0.1',
28 silly publish   _shasum: '238c9d7d1fa5c0bf13902a6a66e76ac5fdc34d99',
28 silly publish   _from: '.' }
29 verbose request where is /node-paperboy
30 verbose request registry https://registry.npmjs.org/
31 verbose request id 6137f0edb35f22c6
32 verbose url raw /node-paperboy
33 verbose url resolving [ 'https://registry.npmjs.org/', './node-paperboy' ]
34 verbose url resolved https://registry.npmjs.org/node-paperboy
35 verbose request where is https://registry.npmjs.org/node-paperboy
36 info trying registry request attempt 1 at 20:27:40
37 http PUT https://registry.npmjs.org/node-paperboy
38 http 403 https://registry.npmjs.org/node-paperboy
39 verbose headers { 'content-type': 'application/json',
39 verbose headers   'cache-control': 'max-age=60',
39 verbose headers   'content-length': '95',
39 verbose headers   'accept-ranges': 'bytes',
39 verbose headers   date: 'Mon, 15 Jun 2015 18:28:59 GMT',
39 verbose headers   via: '1.1 varnish',
39 verbose headers   connection: 'keep-alive',
39 verbose headers   'x-served-by': 'cache-ams4143-AMS',
39 verbose headers   'x-cache': 'MISS',
39 verbose headers   'x-cache-hits': '0',
39 verbose headers   'x-timer': 'S1434392937.741429,VS0,VE1307' }
40 error publish Failed PUT 403
41 error Error: "You cannot publish over the previously published version 0.0.1." : node-paperboy
41 error     at RegClient.<anonymous> (/usr/lib/node_modules/npm/node_modules/npm-registry-client/lib/request.js:308:14)
41 error     at Request._callback (/usr/lib/node_modules/npm/node_modules/npm-registry-client/lib/request.js:246:65)
41 error     at Request.self.callback (/usr/lib/node_modules/npm/node_modules/request/request.js:236:22)
41 error     at Request.emit (events.js:98:17)
41 error     at Request.<anonymous> (/usr/lib/node_modules/npm/node_modules/request/request.js:1142:14)
41 error     at Request.emit (events.js:117:20)
41 error     at IncomingMessage.<anonymous> (/usr/lib/node_modules/npm/node_modules/request/request.js:1096:12)
41 error     at IncomingMessage.emit (events.js:117:20)
41 error     at _stream_readable.js:944:16
41 error     at process._tickCallback (node.js:448:13)
42 error If you need help, you may report this *entire* log,
42 error including the npm and node versions, at:
42 error     <http://github.com/npm/npm/issues>
43 error System Linux 2.6.32-504.16.2.el6.x86_64
44 error command "/usr/bin/node" "/usr/bin/npm" "publish"
45 error cwd /usr/share/nginx/node/node-paperboy
46 error node -v v0.10.38
47 error npm -v 1.4.28
48 verbose exit [ 1, true ]
